<?xml version="1.0" encoding="UTF-8"?>
<!-- Generated by org.testng.reporters.JUnitReportReporter -->
<testsuite skipped="5" hostname="DESKTOP-NVPHNI7" name="com.mercury.qa.testclass.registernewcontactTest" tests="6" failures="0" timestamp="28 Mar 2020 05:09:25 GMT" time="2.306" errors="1">
  <testcase name="setup" time="2.306" classname="com.mercury.qa.testclass.registernewcontactTest">
    <error type="org.openqa.selenium.SessionNotCreatedException" message="session not created: This version of ChromeDriver only supports Chrome version 76
Build info: version: &#039;3.141.59&#039;, revision: &#039;e82be7d358&#039;, time: &#039;2018-11-14T08:17:03&#039;
System info: host: &#039;DESKTOP-NVPHNI7&#039;, ip: &#039;192.168.0.14&#039;, os.name: &#039;Windows 10&#039;, os.arch: &#039;amd64&#039;, os.version: &#039;10.0&#039;, java.version: &#039;1.8.0_171&#039;
Driver info: driver.version: ChromeDriver
remote stacktrace: Backtrace:
	Ordinal0 [0x00F27C53+1473619]
	Ordinal0 [0x00EAAD71+961905]
	Ordinal0 [0x00E342B3+475827]
	Ordinal0 [0x00DCF365+62309]
	Ordinal0 [0x00DCBC77+48247]
	Ordinal0 [0x00DE9149+168265]
	Ordinal0 [0x00DE8D1D+167197]
	Ordinal0 [0x00DE742B+160811]
	Ordinal0 [0x00DD0AE6+68326]
	Ordinal0 [0x00DD1BF0+72688]
	Ordinal0 [0x00DD1B89+72585]
	Ordinal0 [0x00EC4B37+1067831]
	GetHandleVerifier [0x00FC6845+506677]
	GetHandleVerifier [0x00FC65E0+506064]
	GetHandleVerifier [0x00FCD188+533624]
	GetHandleVerifier [0x00FC701A+508682]
	Ordinal0 [0x00EBC226+1032742]
	Ordinal0 [0x00EBC09F+1032351]
	Ordinal0 [0x00EC6A4B+1075787]
	Ordinal0 [0x00EC6BB3+1076147]
	Ordinal0 [0x00EC5B65+1071973]
	BaseThreadInitThunk [0x75956359+25]
	RtlGetAppContainerNamedObjectPath [0x77B57B74+228]
	RtlGetAppContainerNamedObjectPath [0x77B57B44+180]
">
      <![CDATA[org.openqa.selenium.SessionNotCreatedException: session not created: This version of ChromeDriver only supports Chrome version 76
Build info: version: '3.141.59', revision: 'e82be7d358', time: '2018-11-14T08:17:03'
System info: host: 'DESKTOP-NVPHNI7', ip: '192.168.0.14', os.name: 'Windows 10', os.arch: 'amd64', os.version: '10.0', java.version: '1.8.0_171'
Driver info: driver.version: ChromeDriver
remote stacktrace: Backtrace:
	Ordinal0 [0x00F27C53+1473619]
	Ordinal0 [0x00EAAD71+961905]
	Ordinal0 [0x00E342B3+475827]
	Ordinal0 [0x00DCF365+62309]
	Ordinal0 [0x00DCBC77+48247]
	Ordinal0 [0x00DE9149+168265]
	Ordinal0 [0x00DE8D1D+167197]
	Ordinal0 [0x00DE742B+160811]
	Ordinal0 [0x00DD0AE6+68326]
	Ordinal0 [0x00DD1BF0+72688]
	Ordinal0 [0x00DD1B89+72585]
	Ordinal0 [0x00EC4B37+1067831]
	GetHandleVerifier [0x00FC6845+506677]
	GetHandleVerifier [0x00FC65E0+506064]
	GetHandleVerifier [0x00FCD188+533624]
	GetHandleVerifier [0x00FC701A+508682]
	Ordinal0 [0x00EBC226+1032742]
	Ordinal0 [0x00EBC09F+1032351]
	Ordinal0 [0x00EC6A4B+1075787]
	Ordinal0 [0x00EC6BB3+1076147]
	Ordinal0 [0x00EC5B65+1071973]
	BaseThreadInitThunk [0x75956359+25]
	RtlGetAppContainerNamedObjectPath [0x77B57B74+228]
	RtlGetAppContainerNamedObjectPath [0x77B57B44+180]

	at sun.reflect.NativeConstructorAccessorImpl.newInstance0(Native Method)
	at sun.reflect.NativeConstructorAccessorImpl.newInstance(NativeConstructorAccessorImpl.java:62)
	at sun.reflect.DelegatingConstructorAccessorImpl.newInstance(DelegatingConstructorAccessorImpl.java:45)
	at java.lang.reflect.Constructor.newInstance(Constructor.java:423)
	at org.openqa.selenium.remote.W3CHandshakeResponse.lambda$errorHandler$0(W3CHandshakeResponse.java:62)
	at org.openqa.selenium.remote.HandshakeResponse.lambda$getResponseFunction$0(HandshakeResponse.java:30)
	at org.openqa.selenium.remote.ProtocolHandshake.lambda$createSession$0(ProtocolHandshake.java:126)
	at java.util.stream.ReferencePipeline$3$1.accept(ReferencePipeline.java:193)
	at java.util.Spliterators$ArraySpliterator.tryAdvance(Spliterators.java:958)
	at java.util.stream.ReferencePipeline.forEachWithCancel(ReferencePipeline.java:126)
	at java.util.stream.AbstractPipeline.copyIntoWithCancel(AbstractPipeline.java:498)
	at java.util.stream.AbstractPipeline.copyInto(AbstractPipeline.java:485)
	at java.util.stream.AbstractPipeline.wrapAndCopyInto(AbstractPipeline.java:471)
	at java.util.stream.FindOps$FindOp.evaluateSequential(FindOps.java:152)
	at java.util.stream.AbstractPipeline.evaluate(AbstractPipeline.java:234)
	at java.util.stream.ReferencePipeline.findFirst(ReferencePipeline.java:464)
	at org.openqa.selenium.remote.ProtocolHandshake.createSession(ProtocolHandshake.java:128)
	at org.openqa.selenium.remote.ProtocolHandshake.createSession(ProtocolHandshake.java:74)
	at org.openqa.selenium.remote.HttpCommandExecutor.execute(HttpCommandExecutor.java:136)
	at org.openqa.selenium.remote.service.DriverCommandExecutor.execute(DriverCommandExecutor.java:83)
	at org.openqa.selenium.remote.RemoteWebDriver.execute(RemoteWebDriver.java:552)
	at org.openqa.selenium.remote.RemoteWebDriver.startSession(RemoteWebDriver.java:213)
	at org.openqa.selenium.remote.RemoteWebDriver.<init>(RemoteWebDriver.java:131)
	at org.openqa.selenium.chrome.ChromeDriver.<init>(ChromeDriver.java:181)
	at org.openqa.selenium.chrome.ChromeDriver.<init>(ChromeDriver.java:168)
	at org.openqa.selenium.chrome.ChromeDriver.<init>(ChromeDriver.java:123)
	at com.mercury.qa.base.TestBase.initialization(TestBase.java:51)
	at com.mercury.qa.testclass.registernewcontactTest.setup(registernewcontactTest.java:27)
	at sun.reflect.NativeMethodAccessorImpl.invoke0(Native Method)
	at sun.reflect.NativeMethodAccessorImpl.invoke(NativeMethodAccessorImpl.java:62)
	at sun.reflect.DelegatingMethodAccessorImpl.invoke(DelegatingMethodAccessorImpl.java:43)
	at java.lang.reflect.Method.invoke(Method.java:498)
	at org.testng.internal.MethodInvocationHelper.invokeMethod(MethodInvocationHelper.java:108)
	at org.testng.internal.Invoker.invokeConfigurationMethod(Invoker.java:523)
	at org.testng.internal.Invoker.invokeConfigurations(Invoker.java:224)
	at org.testng.internal.Invoker.invokeConfigurations(Invoker.java:146)
	at org.testng.TestRunner.beforeRun(TestRunner.java:626)
	at org.testng.TestRunner.run(TestRunner.java:594)
	at org.testng.SuiteRunner.runTest(SuiteRunner.java:380)
	at org.testng.SuiteRunner.runSequentially(SuiteRunner.java:375)
	at org.testng.SuiteRunner.privateRun(SuiteRunner.java:340)
	at org.testng.SuiteRunner.run(SuiteRunner.java:289)
	at org.testng.SuiteRunnerWorker.runSuite(SuiteRunnerWorker.java:52)
	at org.testng.SuiteRunnerWorker.run(SuiteRunnerWorker.java:86)
	at org.testng.TestNG.runSuitesSequentially(TestNG.java:1301)
	at org.testng.TestNG.runSuitesLocally(TestNG.java:1226)
	at org.testng.TestNG.runSuites(TestNG.java:1144)
	at org.testng.TestNG.run(TestNG.java:1115)
	at org.testng.remote.AbstractRemoteTestNG.run(AbstractRemoteTestNG.java:126)
	at org.testng.remote.RemoteTestNG.initAndRun(RemoteTestNG.java:152)
	at org.testng.remote.RemoteTestNG.main(RemoteTestNG.java:57)
]]>
    </error>
  </testcase> <!-- setup -->
  <testcase name="login" time="0.000" classname="com.mercury.qa.testclass.registernewcontactTest">
    <skipped/>
  </testcase> <!-- login -->
  <testcase name="forms" time="0.000" classname="com.mercury.qa.testclass.registernewcontactTest">
    <skipped/>
  </testcase> <!-- forms -->
  <testcase name="forms" time="0.000" classname="com.mercury.qa.testclass.registernewcontactTest">
    <skipped/>
  </testcase> <!-- forms -->
  <testcase name="forms" time="0.000" classname="com.mercury.qa.testclass.registernewcontactTest">
    <skipped/>
  </testcase> <!-- forms -->
  <testcase name="forms" time="0.000" classname="com.mercury.qa.testclass.registernewcontactTest">
    <skipped/>
  </testcase> <!-- forms -->
</testsuite> <!-- com.mercury.qa.testclass.registernewcontactTest -->
